{"uid":"11ac7b918463f3a5","name":"test_login_page_invalid_user","fullName":"tests.test_locked_user#test_login_page_invalid_user","historyId":"8899a35626a04237bb595183cff1415f","time":{"start":1755629987771,"stop":1755629993117,"duration":5346},"description":"Testing locked user login and an error message","descriptionHtml":"<p>Testing locked user login and an error message</p>\n","status":"broken","statusMessage":"selenium.common.exceptions.TimeoutException: Message: \nStacktrace:\n#0 0x55a13282601a <unknown>\n#1 0x55a1322c5a70 <unknown>\n#2 0x55a132317907 <unknown>\n#3 0x55a132317b01 <unknown>\n#4 0x55a132365d54 <unknown>\n#5 0x55a13233d40d <unknown>\n#6 0x55a13236314f <unknown>\n#7 0x55a13233d1b3 <unknown>\n#8 0x55a13230959b <unknown>\n#9 0x55a13230a971 <unknown>\n#10 0x55a1327eb1eb <unknown>\n#11 0x55a1327eef39 <unknown>\n#12 0x55a1327d22c9 <unknown>\n#13 0x55a1327efae8 <unknown>\n#14 0x55a1327b6baf <unknown>\n#15 0x55a1328130a8 <unknown>\n#16 0x55a132813286 <unknown>\n#17 0x55a132824ff6 <unknown>\n#18 0x7f639d89caa4 <unknown>\n#19 0x7f639d929c3c <unknown>","statusTrace":"test_data = {'checkout_user': {'shipping_info': {'first_name': 'John', 'last_name': 'Doe', 'postal_code': '12345'}}, 'completion_m...ecret_sauce', 'username': 'locked_out_user'}, 'valid_user': {'password': 'secret_sauce', 'username': 'standard_user'}}}\ndriver = <selenium.webdriver.chrome.webdriver.WebDriver (session=\"a569c9a7c8b257da75f18484ffd1f55d\")>\n\n    def test_login_page_invalid_user(test_data, driver):\n        \"\"\"Testing locked user login and an error message\"\"\"\n        login_page = LoginPage(driver)\n        login_page.login(test_data['login']['invalid_user']['username'], test_data['login']['valid_user']['password'])\n>       error_message = login_page.get_login_error()\n\ntests/test_locked_user.py:8: \n_ _ _ _ _ _ _ _ _ _ _ _ _ _ _ _ _ _ _ _ _ _ _ _ _ _ _ _ _ _ _ _ _ _ _ _ _ _ _ _ \npages/loginpage.py:28: in get_login_error\n    error_element = WebDriverWait(self.driver, 5).until(EC.visibility_of_element_located(self.login_error_locator))\n_ _ _ _ _ _ _ _ _ _ _ _ _ _ _ _ _ _ _ _ _ _ _ _ _ _ _ _ _ _ _ _ _ _ _ _ _ _ _ _ \n\nself = <selenium.webdriver.support.wait.WebDriverWait (session=\"a569c9a7c8b257da75f18484ffd1f55d\")>\nmethod = <function visibility_of_element_located.<locals>._predicate at 0x7f99f2202e60>\nmessage = ''\n\n    def until(self, method: Callable[[D], Union[Literal[False], T]], message: str = \"\") -> T:\n        \"\"\"Wait until the method returns a value that is not False.\n    \n        Calls the method provided with the driver as an argument until the\n        return value does not evaluate to ``False``.\n    \n        Parameters:\n        -----------\n        method: callable(WebDriver)\n            - A callable object that takes a WebDriver instance as an argument.\n    \n        message: str\n            - Optional message for :exc:`TimeoutException`\n    \n        Return:\n        -------\n        object: T\n            - The result of the last call to `method`\n    \n        Raises:\n        -------\n        TimeoutException\n            - If 'method' does not return a truthy value within the WebDriverWait\n            object's timeout\n    \n        Example:\n        --------\n        >>> from selenium.webdriver.common.by import By\n        >>> from selenium.webdriver.support.ui import WebDriverWait\n        >>> from selenium.webdriver.support import expected_conditions as EC\n    \n        # Wait until an element is visible on the page\n        >>> wait = WebDriverWait(driver, 10)\n        >>> element = wait.until(EC.visibility_of_element_located((By.ID, \"exampleId\")))\n        >>> print(element.text)\n        \"\"\"\n        screen = None\n        stacktrace = None\n    \n        end_time = time.monotonic() + self._timeout\n        while True:\n            try:\n                value = method(self._driver)\n                if value:\n                    return value\n            except self._ignored_exceptions as exc:\n                screen = getattr(exc, \"screen\", None)\n                stacktrace = getattr(exc, \"stacktrace\", None)\n            if time.monotonic() > end_time:\n                break\n            time.sleep(self._poll)\n>       raise TimeoutException(message, screen, stacktrace)\nE       selenium.common.exceptions.TimeoutException: Message: \nE       Stacktrace:\nE       #0 0x55a13282601a <unknown>\nE       #1 0x55a1322c5a70 <unknown>\nE       #2 0x55a132317907 <unknown>\nE       #3 0x55a132317b01 <unknown>\nE       #4 0x55a132365d54 <unknown>\nE       #5 0x55a13233d40d <unknown>\nE       #6 0x55a13236314f <unknown>\nE       #7 0x55a13233d1b3 <unknown>\nE       #8 0x55a13230959b <unknown>\nE       #9 0x55a13230a971 <unknown>\nE       #10 0x55a1327eb1eb <unknown>\nE       #11 0x55a1327eef39 <unknown>\nE       #12 0x55a1327d22c9 <unknown>\nE       #13 0x55a1327efae8 <unknown>\nE       #14 0x55a1327b6baf <unknown>\nE       #15 0x55a1328130a8 <unknown>\nE       #16 0x55a132813286 <unknown>\nE       #17 0x55a132824ff6 <unknown>\nE       #18 0x7f639d89caa4 <unknown>\nE       #19 0x7f639d929c3c <unknown>\n\n/opt/hostedtoolcache/Python/3.10.18/x64/lib/python3.10/site-packages/selenium/webdriver/support/wait.py:138: TimeoutException","flaky":false,"newFailed":false,"newBroken":false,"newPassed":false,"retriesCount":0,"retriesStatusChange":false,"beforeStages":[{"name":"driver","time":{"start":1755629969170,"stop":1755629975298,"duration":6128},"status":"passed","steps":[],"attachments":[],"parameters":[],"shouldDisplayMessage":false,"stepsCount":0,"attachmentsCount":0,"hasContent":false,"attachmentStep":false},{"name":"test_data","time":{"start":1755629969170,"stop":1755629969170,"duration":0},"status":"passed","steps":[],"attachments":[],"parameters":[],"shouldDisplayMessage":false,"stepsCount":0,"attachmentsCount":0,"hasContent":false,"attachmentStep":false}],"afterStages":[{"name":"driver::0","time":{"start":1755629993122,"stop":1755629993189,"duration":67},"status":"passed","steps":[],"attachments":[],"parameters":[],"shouldDisplayMessage":false,"stepsCount":0,"attachmentsCount":0,"hasContent":false,"attachmentStep":false}],"labels":[{"name":"parentSuite","value":"tests"},{"name":"suite","value":"test_locked_user"},{"name":"host","value":"pkrvmubgrv54qmi"},{"name":"thread","value":"2120-MainThread"},{"name":"framework","value":"pytest"},{"name":"language","value":"cpython3"},{"name":"package","value":"tests.test_locked_user"},{"name":"resultFormat","value":"allure2"}],"parameters":[],"links":[],"hidden":false,"retry":false,"extra":{"severity":"normal","retries":[],"categories":[{"name":"Test defects","matchedStatuses":[]}],"tags":[]},"source":"11ac7b918463f3a5.json","parameterValues":[]}