{"uid":"ad47ffc0be9a2886","name":"test_checkout_process","fullName":"tests.test_file#test_checkout_process","historyId":"3a6909e48a9fc891e65ea53c2fccb194","time":{"start":1755665743321,"stop":1755665753720,"duration":10399},"description":"Testing whole checkout process and assert price is included in text e.g('total $15.29')","descriptionHtml":"<p>Testing whole checkout process and assert price is included in text e.g('total $15.29')</p>\n","status":"broken","statusMessage":"selenium.common.exceptions.TimeoutException: Message: \nStacktrace:\n#0 0x55ab4bf0802a <unknown>\n#1 0x55ab4b9a7a70 <unknown>\n#2 0x55ab4b9f9907 <unknown>\n#3 0x55ab4b9f9b01 <unknown>\n#4 0x55ab4ba47d54 <unknown>\n#5 0x55ab4ba1f40d <unknown>\n#6 0x55ab4ba4514f <unknown>\n#7 0x55ab4ba1f1b3 <unknown>\n#8 0x55ab4b9eb59b <unknown>\n#9 0x55ab4b9ec971 <unknown>\n#10 0x55ab4becd1fb <unknown>\n#11 0x55ab4bed0f49 <unknown>\n#12 0x55ab4beb42d9 <unknown>\n#13 0x55ab4bed1af8 <unknown>\n#14 0x55ab4be98bbf <unknown>\n#15 0x55ab4bef50b8 <unknown>\n#16 0x55ab4bef5296 <unknown>\n#17 0x55ab4bf07006 <unknown>\n#18 0x7fcd6f89caa4 <unknown>\n#19 0x7fcd6f929c3c <unknown>","statusTrace":"test_data = {'checkout_user': {'shipping_info': {'first_name': 'John', 'last_name': 'Doe', 'postal_code': '12345'}}, 'completion_m...ecret_sauce', 'username': 'locked_out_user'}, 'valid_user': {'password': 'secret_sauce', 'username': 'standard_user'}}}\ndriver = <selenium.webdriver.chrome.webdriver.WebDriver (session=\"ae8905738ade561255a76b5aee6d202b\")>\n\n    def test_checkout_process(test_data, driver):\n        \"\"\"Testing whole checkout process and assert price is included in text e.g('total $15.29')\"\"\"\n        checkout_page = CheckoutPage(driver)\n>       price  = checkout_page.checkout(test_data['checkout_user']['shipping_info']['first_name'],\n                               test_data['checkout_user']['shipping_info']['last_name'],\n                               test_data['checkout_user']['shipping_info']['postal_code'])\n\ntests/test_file.py:54: \n_ _ _ _ _ _ _ _ _ _ _ _ _ _ _ _ _ _ _ _ _ _ _ _ _ _ _ _ _ _ _ _ _ _ _ _ _ _ _ _ \npages/checkoutpage.py:27: in checkout\n    self.click(self.checkout_button_locator)\npages/basepage.py:24: in click\n    element = self.find_element(locator)\npages/basepage.py:17: in find_element\n    return self.wait.until(EC.presence_of_element_located(locator))\n_ _ _ _ _ _ _ _ _ _ _ _ _ _ _ _ _ _ _ _ _ _ _ _ _ _ _ _ _ _ _ _ _ _ _ _ _ _ _ _ \n\nself = <selenium.webdriver.support.wait.WebDriverWait (session=\"ae8905738ade561255a76b5aee6d202b\")>\nmethod = <function presence_of_element_located.<locals>._predicate at 0x7ff6c22e9090>\nmessage = ''\n\n    def until(self, method: Callable[[D], Union[Literal[False], T]], message: str = \"\") -> T:\n        \"\"\"Wait until the method returns a value that is not False.\n    \n        Calls the method provided with the driver as an argument until the\n        return value does not evaluate to ``False``.\n    \n        Parameters:\n        -----------\n        method: callable(WebDriver)\n            - A callable object that takes a WebDriver instance as an argument.\n    \n        message: str\n            - Optional message for :exc:`TimeoutException`\n    \n        Return:\n        -------\n        object: T\n            - The result of the last call to `method`\n    \n        Raises:\n        -------\n        TimeoutException\n            - If 'method' does not return a truthy value within the WebDriverWait\n            object's timeout\n    \n        Example:\n        --------\n        >>> from selenium.webdriver.common.by import By\n        >>> from selenium.webdriver.support.ui import WebDriverWait\n        >>> from selenium.webdriver.support import expected_conditions as EC\n    \n        # Wait until an element is visible on the page\n        >>> wait = WebDriverWait(driver, 10)\n        >>> element = wait.until(EC.visibility_of_element_located((By.ID, \"exampleId\")))\n        >>> print(element.text)\n        \"\"\"\n        screen = None\n        stacktrace = None\n    \n        end_time = time.monotonic() + self._timeout\n        while True:\n            try:\n                value = method(self._driver)\n                if value:\n                    return value\n            except self._ignored_exceptions as exc:\n                screen = getattr(exc, \"screen\", None)\n                stacktrace = getattr(exc, \"stacktrace\", None)\n            if time.monotonic() > end_time:\n                break\n            time.sleep(self._poll)\n>       raise TimeoutException(message, screen, stacktrace)\nE       selenium.common.exceptions.TimeoutException: Message: \nE       Stacktrace:\nE       #0 0x55ab4bf0802a <unknown>\nE       #1 0x55ab4b9a7a70 <unknown>\nE       #2 0x55ab4b9f9907 <unknown>\nE       #3 0x55ab4b9f9b01 <unknown>\nE       #4 0x55ab4ba47d54 <unknown>\nE       #5 0x55ab4ba1f40d <unknown>\nE       #6 0x55ab4ba4514f <unknown>\nE       #7 0x55ab4ba1f1b3 <unknown>\nE       #8 0x55ab4b9eb59b <unknown>\nE       #9 0x55ab4b9ec971 <unknown>\nE       #10 0x55ab4becd1fb <unknown>\nE       #11 0x55ab4bed0f49 <unknown>\nE       #12 0x55ab4beb42d9 <unknown>\nE       #13 0x55ab4bed1af8 <unknown>\nE       #14 0x55ab4be98bbf <unknown>\nE       #15 0x55ab4bef50b8 <unknown>\nE       #16 0x55ab4bef5296 <unknown>\nE       #17 0x55ab4bf07006 <unknown>\nE       #18 0x7fcd6f89caa4 <unknown>\nE       #19 0x7fcd6f929c3c <unknown>\n\n/opt/hostedtoolcache/Python/3.10.18/x64/lib/python3.10/site-packages/selenium/webdriver/support/wait.py:138: TimeoutException","flaky":false,"newFailed":false,"newBroken":false,"newPassed":false,"retriesCount":0,"retriesStatusChange":false,"beforeStages":[{"name":"driver","time":{"start":1755665735399,"stop":1755665741316,"duration":5917},"status":"passed","steps":[],"attachments":[],"parameters":[],"shouldDisplayMessage":false,"stepsCount":0,"attachmentsCount":0,"hasContent":false,"attachmentStep":false},{"name":"test_data","time":{"start":1755665735399,"stop":1755665735399,"duration":0},"status":"passed","steps":[],"attachments":[],"parameters":[],"shouldDisplayMessage":false,"stepsCount":0,"attachmentsCount":0,"hasContent":false,"attachmentStep":false}],"afterStages":[{"name":"driver::0","time":{"start":1755665759126,"stop":1755665759192,"duration":66},"status":"passed","steps":[],"attachments":[],"parameters":[],"shouldDisplayMessage":false,"stepsCount":0,"attachmentsCount":0,"hasContent":false,"attachmentStep":false}],"labels":[{"name":"parentSuite","value":"tests"},{"name":"suite","value":"test_file"},{"name":"host","value":"pkrvmubgrv54qmi"},{"name":"thread","value":"2217-MainThread"},{"name":"framework","value":"pytest"},{"name":"language","value":"cpython3"},{"name":"package","value":"tests.test_file"},{"name":"resultFormat","value":"allure2"}],"parameters":[],"links":[],"hidden":false,"retry":false,"extra":{"severity":"normal","retries":[],"categories":[{"name":"Test defects","matchedStatuses":[]}],"tags":[]},"source":"ad47ffc0be9a2886.json","parameterValues":[]}