{"uid":"fb468a8df09dd959","name":"test_checkout_process","fullName":"tests.test_file#test_checkout_process","historyId":"3a6909e48a9fc891e65ea53c2fccb194","time":{"start":1755665536514,"stop":1755665546869,"duration":10355},"description":"Testing whole checkout process and assert price is included in text e.g('total $15.29')","descriptionHtml":"<p>Testing whole checkout process and assert price is included in text e.g('total $15.29')</p>\n","status":"broken","statusMessage":"selenium.common.exceptions.TimeoutException: Message: \nStacktrace:\n#0 0x5637593ef02a <unknown>\n#1 0x563758e8ea70 <unknown>\n#2 0x563758ee0907 <unknown>\n#3 0x563758ee0b01 <unknown>\n#4 0x563758f2ed54 <unknown>\n#5 0x563758f0640d <unknown>\n#6 0x563758f2c14f <unknown>\n#7 0x563758f061b3 <unknown>\n#8 0x563758ed259b <unknown>\n#9 0x563758ed3971 <unknown>\n#10 0x5637593b41fb <unknown>\n#11 0x5637593b7f49 <unknown>\n#12 0x56375939b2d9 <unknown>\n#13 0x5637593b8af8 <unknown>\n#14 0x56375937fbbf <unknown>\n#15 0x5637593dc0b8 <unknown>\n#16 0x5637593dc296 <unknown>\n#17 0x5637593ee006 <unknown>\n#18 0x7fae2dc9caa4 <unknown>\n#19 0x7fae2dd29c3c <unknown>","statusTrace":"test_data = {'checkout_user': {'shipping_info': {'first_name': 'John', 'last_name': 'Doe', 'postal_code': '12345'}}, 'completion_m...ecret_sauce', 'username': 'locked_out_user'}, 'valid_user': {'password': 'secret_sauce', 'username': 'standard_user'}}}\ndriver = <selenium.webdriver.chrome.webdriver.WebDriver (session=\"58540ed98080096022dc59981ff2a468\")>\n\n    def test_checkout_process(test_data, driver):\n        \"\"\"Testing whole checkout process and assert price is included in text e.g('total $15.29')\"\"\"\n        checkout_page = CheckoutPage(driver)\n>       price  = checkout_page.checkout(test_data['checkout_user']['shipping_info']['first_name'],\n                               test_data['checkout_user']['shipping_info']['last_name'],\n                               test_data['checkout_user']['shipping_info']['postal_code'])\n\ntests/test_file.py:54: \n_ _ _ _ _ _ _ _ _ _ _ _ _ _ _ _ _ _ _ _ _ _ _ _ _ _ _ _ _ _ _ _ _ _ _ _ _ _ _ _ \npages/checkoutpage.py:27: in checkout\n    self.click(self.checkout_button_locator)\npages/basepage.py:24: in click\n    element = self.find_element(locator)\npages/basepage.py:17: in find_element\n    return self.wait.until(EC.presence_of_element_located(locator))\n_ _ _ _ _ _ _ _ _ _ _ _ _ _ _ _ _ _ _ _ _ _ _ _ _ _ _ _ _ _ _ _ _ _ _ _ _ _ _ _ \n\nself = <selenium.webdriver.support.wait.WebDriverWait (session=\"58540ed98080096022dc59981ff2a468\")>\nmethod = <function presence_of_element_located.<locals>._predicate at 0x7f55b1ee9090>\nmessage = ''\n\n    def until(self, method: Callable[[D], Union[Literal[False], T]], message: str = \"\") -> T:\n        \"\"\"Wait until the method returns a value that is not False.\n    \n        Calls the method provided with the driver as an argument until the\n        return value does not evaluate to ``False``.\n    \n        Parameters:\n        -----------\n        method: callable(WebDriver)\n            - A callable object that takes a WebDriver instance as an argument.\n    \n        message: str\n            - Optional message for :exc:`TimeoutException`\n    \n        Return:\n        -------\n        object: T\n            - The result of the last call to `method`\n    \n        Raises:\n        -------\n        TimeoutException\n            - If 'method' does not return a truthy value within the WebDriverWait\n            object's timeout\n    \n        Example:\n        --------\n        >>> from selenium.webdriver.common.by import By\n        >>> from selenium.webdriver.support.ui import WebDriverWait\n        >>> from selenium.webdriver.support import expected_conditions as EC\n    \n        # Wait until an element is visible on the page\n        >>> wait = WebDriverWait(driver, 10)\n        >>> element = wait.until(EC.visibility_of_element_located((By.ID, \"exampleId\")))\n        >>> print(element.text)\n        \"\"\"\n        screen = None\n        stacktrace = None\n    \n        end_time = time.monotonic() + self._timeout\n        while True:\n            try:\n                value = method(self._driver)\n                if value:\n                    return value\n            except self._ignored_exceptions as exc:\n                screen = getattr(exc, \"screen\", None)\n                stacktrace = getattr(exc, \"stacktrace\", None)\n            if time.monotonic() > end_time:\n                break\n            time.sleep(self._poll)\n>       raise TimeoutException(message, screen, stacktrace)\nE       selenium.common.exceptions.TimeoutException: Message: \nE       Stacktrace:\nE       #0 0x5637593ef02a <unknown>\nE       #1 0x563758e8ea70 <unknown>\nE       #2 0x563758ee0907 <unknown>\nE       #3 0x563758ee0b01 <unknown>\nE       #4 0x563758f2ed54 <unknown>\nE       #5 0x563758f0640d <unknown>\nE       #6 0x563758f2c14f <unknown>\nE       #7 0x563758f061b3 <unknown>\nE       #8 0x563758ed259b <unknown>\nE       #9 0x563758ed3971 <unknown>\nE       #10 0x5637593b41fb <unknown>\nE       #11 0x5637593b7f49 <unknown>\nE       #12 0x56375939b2d9 <unknown>\nE       #13 0x5637593b8af8 <unknown>\nE       #14 0x56375937fbbf <unknown>\nE       #15 0x5637593dc0b8 <unknown>\nE       #16 0x5637593dc296 <unknown>\nE       #17 0x5637593ee006 <unknown>\nE       #18 0x7fae2dc9caa4 <unknown>\nE       #19 0x7fae2dd29c3c <unknown>\n\n/opt/hostedtoolcache/Python/3.10.18/x64/lib/python3.10/site-packages/selenium/webdriver/support/wait.py:138: TimeoutException","flaky":false,"newFailed":false,"newBroken":false,"newPassed":false,"retriesCount":0,"retriesStatusChange":false,"beforeStages":[{"name":"test_data","time":{"start":1755665527379,"stop":1755665527379,"duration":0},"status":"passed","steps":[],"attachments":[],"parameters":[],"shouldDisplayMessage":false,"stepsCount":0,"attachmentsCount":0,"hasContent":false,"attachmentStep":false},{"name":"driver","time":{"start":1755665527379,"stop":1755665534248,"duration":6869},"status":"passed","steps":[],"attachments":[],"parameters":[],"shouldDisplayMessage":false,"stepsCount":0,"attachmentsCount":0,"hasContent":false,"attachmentStep":false}],"afterStages":[{"name":"driver::0","time":{"start":1755665552260,"stop":1755665552326,"duration":66},"status":"passed","steps":[],"attachments":[],"parameters":[],"shouldDisplayMessage":false,"stepsCount":0,"attachmentsCount":0,"hasContent":false,"attachmentStep":false}],"labels":[{"name":"parentSuite","value":"tests"},{"name":"suite","value":"test_file"},{"name":"host","value":"pkrvmubgrv54qmi"},{"name":"thread","value":"2131-MainThread"},{"name":"framework","value":"pytest"},{"name":"language","value":"cpython3"},{"name":"package","value":"tests.test_file"},{"name":"resultFormat","value":"allure2"}],"parameters":[],"links":[],"hidden":false,"retry":false,"extra":{"severity":"normal","retries":[],"categories":[{"name":"Test defects","matchedStatuses":[]}],"tags":[]},"source":"fb468a8df09dd959.json","parameterValues":[]}